1767682059,35,Zootopia 2 - RMTeam, https://RMZ.cr,/mnt/E/Document/CODES/Torrent/Z00topia.2.2025.1080p.hevc.x265.RMTeam.mkv,122
1767682168,35,Zootopia 2 - RMTeam, https://RMZ.cr,/mnt/E/Document/CODES/Torrent/Z00topia.2.2025.1080p.hevc.x265.RMTeam.mkv,122
1767682201,,,/usr/share/sounds/freedesktop/stereo/message-new-instant.oga,73
1767682202,,,/usr/share/sounds/freedesktop/stereo/message.oga,61
1767682203,,,/usr/share/sounds/freedesktop/stereo/network-connectivity-established.oga,86
1767682203,,,/usr/share/sounds/freedesktop/stereo/network-connectivity-lost.oga,79
1767682203,,,/usr/share/sounds/freedesktop/stereo/phone-incoming-call.oga,73
1767682205,,,/usr/share/sounds/freedesktop/stereo/phone-outgoing-busy.oga,73
1767682208,,,/usr/share/sounds/freedesktop/stereo/phone-outgoing-calling.oga,76
1767682209,,,/usr/share/sounds/freedesktop/stereo/power-plug.oga,64
1767682209,,,/usr/share/sounds/freedesktop/stereo/power-unplug.oga,66
1767682210,,,/usr/share/sounds/freedesktop/stereo/screen-capture.oga,68
1767682211,,,/usr/share/sounds/freedesktop/stereo/service-login.oga,67
1767682213,,,/usr/share/sounds/freedesktop/stereo/service-logout.oga,68
1767682215,,,/usr/share/sounds/freedesktop/stereo/suspend-error.oga,67
1767682216,,,/usr/share/sounds/freedesktop/stereo/trash-empty.oga,65
1767682218,,,/usr/share/sounds/freedesktop/stereo/window-attention.oga,70
1767682218,,,/usr/share/sounds/freedesktop/stereo/window-question.oga,69
1767682393,35,Zootopia 2 - RMTeam, https://RMZ.cr,/mnt/E/Document/CODES/Torrent/Z00topia.2.2025.1080p.hevc.x265.RMTeam.mkv,122
1767682495,,,/usr/share/sounds/freedesktop/stereo/message-new-instant.oga,73
1767682496,,,/usr/share/sounds/freedesktop/stereo/message.oga,61
1767682497,,,/usr/share/sounds/freedesktop/stereo/network-connectivity-established.oga,86
1767682497,,,/usr/share/sounds/freedesktop/stereo/network-connectivity-lost.oga,79
1767682497,,,/usr/share/sounds/freedesktop/stereo/phone-incoming-call.oga,73
1767682499,,,/usr/share/sounds/freedesktop/stereo/phone-outgoing-busy.oga,73
1767682502,,,/usr/share/sounds/freedesktop/stereo/phone-outgoing-calling.oga,76
1767682503,,,/usr/share/sounds/freedesktop/stereo/power-plug.oga,64
1767682504,,,/usr/share/sounds/freedesktop/stereo/power-unplug.oga,66
1767682504,,,/usr/share/sounds/freedesktop/stereo/screen-capture.oga,68
1767682505,,,/usr/share/sounds/freedesktop/stereo/service-login.oga,67
1767682508,,,/usr/share/sounds/freedesktop/stereo/service-logout.oga,68
1767682509,,,/usr/share/sounds/freedesktop/stereo/suspend-error.oga,67
1767682511,,,/usr/share/sounds/freedesktop/stereo/trash-empty.oga,65
1767682512,,,/usr/share/sounds/freedesktop/stereo/window-attention.oga,70
1767682513,,,/usr/share/sounds/freedesktop/stereo/window-question.oga,69
1767682787,,,/usr/share/sounds/freedesktop/stereo/message-new-instant.oga,73
1767682788,,,/usr/share/sounds/freedesktop/stereo/message.oga,61
1767682788,,,/usr/share/sounds/freedesktop/stereo/network-connectivity-established.oga,86
1767682788,,,/usr/share/sounds/freedesktop/stereo/network-connectivity-lost.oga,79
1767682789,,,/usr/share/sounds/freedesktop/stereo/phone-incoming-call.oga,73
1767682790,,,/usr/share/sounds/freedesktop/stereo/phone-outgoing-busy.oga,73
1767682793,,,/usr/share/sounds/freedesktop/stereo/phone-outgoing-calling.oga,76
1767682794,,,/usr/share/sounds/freedesktop/stereo/power-plug.oga,64
1767682795,,,/usr/share/sounds/freedesktop/stereo/power-unplug.oga,66
1767682795,,,/usr/share/sounds/freedesktop/stereo/screen-capture.oga,68
1767682796,,,/usr/share/sounds/freedesktop/stereo/service-login.oga,67
1767682799,,,/usr/share/sounds/freedesktop/stereo/service-logout.oga,68
1767682801,,,/usr/share/sounds/freedesktop/stereo/suspend-error.oga,67
1767682802,,,/usr/share/sounds/freedesktop/stereo/trash-empty.oga,65
1767682803,,,/usr/share/sounds/freedesktop/stereo/window-attention.oga,70
1767682804,,,/usr/share/sounds/freedesktop/stereo/window-question.oga,69
1767682806,,,/usr/share/sounds/freedesktop/stereo/audio-volume-change.oga,73
1767682806,,,/usr/share/sounds/freedesktop/stereo/bell.oga,58
1767682806,,,/usr/share/sounds/freedesktop/stereo/camera-shutter.oga,68
1767682806,,,/usr/share/sounds/freedesktop/stereo/audio-volume-change.oga,73
1767682806,,,/usr/share/sounds/freedesktop/stereo/bell.oga,58
1767682806,,,/usr/share/sounds/freedesktop/stereo/camera-shutter.oga,68
1767682807,,,/usr/share/sounds/freedesktop/stereo/complete.oga,62
1767682807,,,/usr/share/sounds/freedesktop/stereo/complete.oga,62
1767682808,,,/usr/share/sounds/freedesktop/stereo/device-added.oga,66
1767682808,,,/usr/share/sounds/freedesktop/stereo/device-removed.oga,68
1767682809,,,/usr/share/sounds/freedesktop/stereo/dialog-error.oga,66
1767682809,,,/usr/share/sounds/freedesktop/stereo/device-added.oga,66
1767682809,,,/usr/share/sounds/freedesktop/stereo/device-removed.oga,68
1767682809,,,/usr/share/sounds/freedesktop/stereo/dialog-information.oga,72
1767682809,,,/usr/share/sounds/freedesktop/stereo/dialog-error.oga,66
1767682809,,,/usr/share/sounds/freedesktop/stereo/dialog-warning.oga,68
1767682810,,,/usr/share/sounds/freedesktop/stereo/dialog-information.oga,72
1767682810,,,/usr/share/sounds/freedesktop/stereo/message-new-instant.oga,73
1767682810,,,/usr/share/sounds/freedesktop/stereo/dialog-warning.oga,68
1767682810,,,/usr/share/sounds/freedesktop/stereo/message-new-instant.oga,73
1767682811,,,/usr/share/sounds/freedesktop/stereo/message.oga,61
1767682811,,,/usr/share/sounds/freedesktop/stereo/message.oga,61
1767682812,,,/usr/share/sounds/freedesktop/stereo/network-connectivity-established.oga,86
1767682812,,,/usr/share/sounds/freedesktop/stereo/network-connectivity-lost.oga,79
1767682812,,,/usr/share/sounds/freedesktop/stereo/phone-incoming-call.oga,73
1767682812,,,/usr/share/sounds/freedesktop/stereo/network-connectivity-established.oga,86
1767682812,,,/usr/share/sounds/freedesktop/stereo/network-connectivity-lost.oga,79
1767682812,,,/usr/share/sounds/freedesktop/stereo/phone-incoming-call.oga,73
1767682813,,,/usr/share/sounds/freedesktop/stereo/phone-outgoing-busy.oga,73
1767682814,,,/usr/share/sounds/freedesktop/stereo/phone-outgoing-busy.oga,73
1767682817,,,/usr/share/sounds/freedesktop/stereo/phone-outgoing-calling.oga,76
1767682817,,,/usr/share/sounds/freedesktop/stereo/phone-outgoing-calling.oga,76
1767682818,,,/usr/share/sounds/freedesktop/stereo/power-plug.oga,64
1767682818,,,/usr/share/sounds/freedesktop/stereo/power-unplug.oga,66
1767682818,,,/usr/share/sounds/freedesktop/stereo/power-plug.oga,64
1767682818,,,/usr/share/sounds/freedesktop/stereo/screen-capture.oga,68
1767682819,,,/usr/share/sounds/freedesktop/stereo/power-unplug.oga,66
1767682819,,,/usr/share/sounds/freedesktop/stereo/screen-capture.oga,68
1767682820,,,/usr/share/sounds/freedesktop/stereo/service-login.oga,67
1767682820,,,/usr/share/sounds/freedesktop/stereo/service-login.oga,67
1767682822,,,/usr/share/sounds/freedesktop/stereo/service-logout.oga,68
1767682823,,,/usr/share/sounds/freedesktop/stereo/service-logout.oga,68
1767682824,,,/usr/share/sounds/freedesktop/stereo/suspend-error.oga,67
1767682824,,,/usr/share/sounds/freedesktop/stereo/suspend-error.oga,67
1767682825,,,/usr/share/sounds/freedesktop/stereo/trash-empty.oga,65
1767682826,,,/usr/share/sounds/freedesktop/stereo/trash-empty.oga,65
1767682827,,,/usr/share/sounds/freedesktop/stereo/window-attention.oga,70
1767682827,,,/usr/share/sounds/freedesktop/stereo/window-question.oga,69
1767682827,,,/usr/share/sounds/freedesktop/stereo/window-attention.oga,70
1767682828,,,/usr/share/sounds/freedesktop/stereo/window-question.oga,69
1767683001,,,/usr/share/sounds/freedesktop/stereo/audio-volume-change.oga,73
1767683001,,,/usr/share/sounds/freedesktop/stereo/bell.oga,58
1767683001,,,/usr/share/sounds/freedesktop/stereo/camera-shutter.oga,68
1767683002,,,/usr/share/sounds/freedesktop/stereo/complete.oga,62
1767683003,,,/usr/share/sounds/freedesktop/stereo/device-added.oga,66
1767683004,,,/usr/share/sounds/freedesktop/stereo/device-removed.oga,68
1767683004,,,/usr/share/sounds/freedesktop/stereo/dialog-error.oga,66
1767683004,,,/usr/share/sounds/freedesktop/stereo/dialog-information.oga,72
1767683004,,,/usr/share/sounds/freedesktop/stereo/dialog-warning.oga,68
1767683005,,,/usr/share/sounds/freedesktop/stereo/message-new-instant.oga,73
1767683006,,,/usr/share/sounds/freedesktop/stereo/message.oga,61
1767683007,,,/usr/share/sounds/freedesktop/stereo/network-connectivity-established.oga,86
1767683007,,,/usr/share/sounds/freedesktop/stereo/network-connectivity-lost.oga,79
1767683007,,,/usr/share/sounds/freedesktop/stereo/phone-incoming-call.oga,73
1767683008,,,/usr/share/sounds/freedesktop/stereo/phone-outgoing-busy.oga,73
1767683012,,,/usr/share/sounds/freedesktop/stereo/phone-outgoing-calling.oga,76
1767683013,,,/usr/share/sounds/freedesktop/stereo/power-plug.oga,64
1767683013,,,/usr/share/sounds/freedesktop/stereo/power-unplug.oga,66
1767683013,,,/usr/share/sounds/freedesktop/stereo/screen-capture.oga,68
1767683014,,,/usr/share/sounds/freedesktop/stereo/service-login.oga,67
1767683017,,,/usr/share/sounds/freedesktop/stereo/service-logout.oga,68
1767683018,,,/usr/share/sounds/freedesktop/stereo/suspend-error.oga,67
1767683020,,,/usr/share/sounds/freedesktop/stereo/trash-empty.oga,65
1767683021,,,/usr/share/sounds/freedesktop/stereo/window-attention.oga,70
1767683021,21,www.5MovieRulz.clinic,/mnt/E/Document/CODES/Torrent/www.5MovieRulz.clinic - Su From So (2025) 1080p Malayalam HQ HDRip - x264 - (DD+5.1 - 192Kbps & AAC) - 3.1GB - ESub.mkv,185
1767683022,,,/usr/share/sounds/freedesktop/stereo/window-question.oga,69
1767683189,21,www.5MovieRulz.clinic,/mnt/E/Document/CODES/Torrent/www.5MovieRulz.clinic - Su From So (2025) 1080p Malayalam HQ HDRip - x264 - (DD+5.1 - 192Kbps & AAC) - 3.1GB - ESub.mkv,185
1767683194,,,/usr/share/sounds/freedesktop/stereo/audio-volume-change.oga,73
1767683197,,,/usr/share/sounds/freedesktop/stereo/audio-volume-change.oga,73
1767683198,,,/usr/share/sounds/freedesktop/stereo/audio-volume-change.oga,73
1767683201,,,/usr/share/sounds/freedesktop/stereo/audio-volume-change.oga,73
1767683201,,,/usr/share/sounds/freedesktop/stereo/audio-volume-change.oga,73
1767683201,,,/usr/share/sounds/freedesktop/stereo/audio-volume-change.oga,73
1767683202,,,/usr/share/sounds/freedesktop/stereo/audio-volume-change.oga,73
1767683202,,,/usr/share/sounds/freedesktop/stereo/audio-volume-change.oga,73
1767683203,,,/usr/share/sounds/freedesktop/stereo/audio-volume-change.oga,73
1767683203,,,/usr/share/sounds/freedesktop/stereo/audio-volume-change.oga,73
1767683203,,,/usr/share/sounds/freedesktop/stereo/audio-volume-change.oga,73
1767683210,21,www.5MovieRulz.clinic,/mnt/E/Document/CODES/Torrent/www.5MovieRulz.clinic - Su From So (2025) 1080p Malayalam HQ HDRip - x264 - (DD+5.1 - 192Kbps & AAC) - 3.1GB - ESub.mkv,185
1767683530,21,www.5MovieRulz.clinic,/mnt/E/Document/CODES/Torrent/www.5MovieRulz.clinic - Su From So (2025) 1080p Malayalam HQ HDRip - x264 - (DD+5.1 - 192Kbps & AAC) - 3.1GB - ESub.mkv,185
1767683630,,,/usr/share/sounds/freedesktop/stereo/audio-volume-change.oga,73
1767686024,,,/usr/share/sounds/freedesktop/stereo/message-new-instant.oga,73
1767686429,,,/usr/share/sounds/freedesktop/stereo/message-new-instant.oga,73
1767686985,,,/usr/share/sounds/freedesktop/stereo/message-new-instant.oga,73
1767688078,,,/usr/share/sounds/freedesktop/stereo/message-new-instant.oga,73
1767689591,,,/usr/share/sounds/freedesktop/stereo/message-new-instant.oga,73
1767694730,,,/home/nirantar/Pictures/Webcam/images_video_20260106_154818.mp4,76
1767694747,,,/home/nirantar/Pictures/Webcam/images_video_20260106_154818.mp4,76
1767694987,,,/home/nirantar/Pictures/Webcam/images_video_20260106_155302.mp4,76
1767695157,,,/usr/share/sounds/freedesktop/stereo/message-new-instant.oga,73
1767695384,,,/usr/share/sounds/freedesktop/stereo/message-new-instant.oga,73
1767697679,36,Mini Pond in the Balcony for Guppies,https://www.youtube.com/watch?v=gxvb4ziWe-M,94
1767697710,36,Mini Pond in the Balcony for Guppies,https://www.youtube.com/watch?v=gxvb4ziWe-M,94
1767697952,,,/usr/share/sounds/freedesktop/stereo/message-new-instant.oga,73
1767698094,,,/home/nirantar/Music/Teri Ni Kararan (From ＂Dhurandhar＂) (1) [watch？v=7ch7cB2qWoM-1].m4a,107
1767698152,,,/home/nirantar/Music/Teri Ni Kararan (From ＂Dhurandhar＂) (1) [watch？v=7ch7cB2qWoM-1].m4a,107
1767698157,,,/usr/share/sounds/freedesktop/stereo/message-new-instant.oga,73
1767698158,,,/usr/share/sounds/freedesktop/stereo/message-new-instant.oga,73
1767698159,,,/usr/share/sounds/freedesktop/stereo/message-new-instant.oga,73
1767698160,,,/usr/share/sounds/freedesktop/stereo/message-new-instant.oga,73
1767698161,,,/usr/share/sounds/freedesktop/stereo/message-new-instant.oga,73
1767698163,,,/usr/share/sounds/freedesktop/stereo/message-new-instant.oga,73
1767698164,,,/usr/share/sounds/freedesktop/stereo/message-new-instant.oga,73
1767698243,,,/home/nirantar/Music/Teri Ni Kararan (From ＂Dhurandhar＂) (1) [watch？v=7ch7cB2qWoM-1].m4a,107
1767698348,,,/home/nirantar/Music/Teri Ni Kararan (From ＂Dhurandhar＂) (1) [watch？v=7ch7cB2qWoM-1].m4a,107
1767698443,,,/home/nirantar/Music/Teri Ni Kararan (From ＂Dhurandhar＂) (1) [watch？v=7ch7cB2qWoM-1].m4a,107
1767698522,,,/usr/share/sounds/freedesktop/stereo/screen-capture.oga,68
1767698534,,,/usr/share/sounds/freedesktop/stereo/screen-capture.oga,68
1767701110,,,/usr/share/sounds/freedesktop/stereo/message-new-instant.oga,73
1767701116,,,/usr/share/sounds/freedesktop/stereo/message-new-instant.oga,73
1767701501,,,/usr/share/sounds/freedesktop/stereo/message-new-instant.oga,73
1767702237,,,/usr/share/sounds/freedesktop/stereo/message-new-instant.oga,73
1767703440,,,/usr/share/sounds/freedesktop/stereo/message-new-instant.oga,73
1767704587,,,/usr/share/sounds/freedesktop/stereo/message-new-instant.oga,73
1767705071,,,/mnt/E/Document/CODES/Torrent/Eko (2025) [1080p] [WEBRip] [x265] [10bit] [5.1] [YTS.LT]/Eko.2025.1080p.WEBRip.x265.10bit.AAC5.1-[YTS.LT].mp4,153
1767708285,,,/usr/share/sounds/freedesktop/stereo/audio-volume-change.oga,73
1767708285,,,/usr/share/sounds/freedesktop/stereo/audio-volume-change.oga,73
1767708335,,,/usr/share/sounds/freedesktop/stereo/audio-volume-change.oga,73
1767708336,,,/usr/share/sounds/freedesktop/stereo/audio-volume-change.oga,73
1767708336,,,/usr/share/sounds/freedesktop/stereo/audio-volume-change.oga,73
1767708336,,,/usr/share/sounds/freedesktop/stereo/audio-volume-change.oga,73
1767708337,,,/usr/share/sounds/freedesktop/stereo/audio-volume-change.oga,73
1767711402,,,/home/nirantar/Music/Lutt Le Gaya (From ＂Dhurandhar＂) (1) [watch？v=duOH5cKyS2A-1].m4a,104
1767711416,,,/usr/share/sounds/freedesktop/stereo/audio-volume-change.oga,73
1767712687,23,www.5MovieRulz.clothing,/mnt/E/Document/CODES/Torrent/www.5MovieRulz.clothing - Thalavara (2025) 720p Malayalam HQ HDRip - x264 - (DD+5.1 - 192Kbps & AAC) - 1.4GB - ESub.mkv,188
1767712902,,,/mnt/E/Document/CODES/Torrent/Eko (2025) [1080p] [WEBRip] [x265] [10bit] [5.1] [YTS.LT]/Eko.2025.1080p.WEBRip.x265.10bit.AAC5.1-[YTS.LT].mp4,153
1767712917,,,/usr/share/sounds/freedesktop/stereo/audio-volume-change.oga,73
1767712918,,,/usr/share/sounds/freedesktop/stereo/audio-volume-change.oga,73
1767712918,,,/usr/share/sounds/freedesktop/stereo/audio-volume-change.oga,73
1767712984,23,www.5MovieRulz.clothing,/mnt/E/Document/CODES/Torrent/www.5MovieRulz.clothing - Thalavara (2025) 720p Malayalam HQ HDRip - x264 - (DD+5.1 - 192Kbps & AAC) - 1.4GB - ESub.mkv,188
1767713458,,,/usr/share/sounds/freedesktop/stereo/audio-volume-change.oga,73
1767718050,,,/usr/share/sounds/freedesktop/stereo/audio-volume-change.oga,73
1767718050,,,/usr/share/sounds/freedesktop/stereo/audio-volume-change.oga,73
1767718814,,,/usr/share/sounds/freedesktop/stereo/audio-volume-change.oga,73
1767718814,,,/usr/share/sounds/freedesktop/stereo/audio-volume-change.oga,73
1767718815,,,/usr/share/sounds/freedesktop/stereo/audio-volume-change.oga,73
1767718815,,,/usr/share/sounds/freedesktop/stereo/audio-volume-change.oga,73
1767762343,,,/usr/share/sounds/freedesktop/stereo/audio-volume-change.oga,73
1767762344,,,/usr/share/sounds/freedesktop/stereo/audio-volume-change.oga,73
1767762408,,,/usr/share/sounds/freedesktop/stereo/audio-volume-change.oga,73
1767762409,,,/usr/share/sounds/freedesktop/stereo/audio-volume-change.oga,73
1767762409,,,/usr/share/sounds/freedesktop/stereo/audio-volume-change.oga,73
1767762424,,,/usr/share/sounds/freedesktop/stereo/audio-volume-change.oga,73
1767762424,,,/usr/share/sounds/freedesktop/stereo/audio-volume-change.oga,73
1767762425,,,/usr/share/sounds/freedesktop/stereo/audio-volume-change.oga,73
1767762425,,,/usr/share/sounds/freedesktop/stereo/audio-volume-change.oga,73
1767762426,,,/usr/share/sounds/freedesktop/stereo/audio-volume-change.oga,73
1767762426,,,/usr/share/sounds/freedesktop/stereo/audio-volume-change.oga,73
1767762426,,,/usr/share/sounds/freedesktop/stereo/audio-volume-change.oga,73
1767765835,52,DHURANDHAR TRAILER REACTION! | What's the Story? (1),http://localhost:8080/https://www.youtube.com/watch?v=sSyOtm-i3Ew,132
1767767697,,,/usr/share/sounds/freedesktop/stereo/message-new-instant.oga,73
1767768068,,,/usr/share/sounds/freedesktop/stereo/message-new-instant.oga,73
1767770374,,,/usr/share/sounds/freedesktop/stereo/audio-volume-change.oga,73
1767770375,,,/usr/share/sounds/freedesktop/stereo/audio-volume-change.oga,73
1767770377,,,/usr/share/sounds/freedesktop/stereo/audio-volume-change.oga,73
1767770379,,,/usr/share/sounds/freedesktop/stereo/audio-volume-change.oga,73
1767770379,,,/usr/share/sounds/freedesktop/stereo/audio-volume-change.oga,73
1767770379,,,/usr/share/sounds/freedesktop/stereo/audio-volume-change.oga,73
1767770379,,,/usr/share/sounds/freedesktop/stereo/audio-volume-change.oga,73
1767770379,,,/usr/share/sounds/freedesktop/stereo/audio-volume-change.oga,73
1767770379,,,/usr/share/sounds/freedesktop/stereo/audio-volume-change.oga,73
1767770379,,,/usr/share/sounds/freedesktop/stereo/audio-volume-change.oga,73
1767770379,,,/usr/share/sounds/freedesktop/stereo/audio-volume-change.oga,73
1767770379,,,/usr/share/sounds/freedesktop/stereo/audio-volume-change.oga,73
1767770379,,,/usr/share/sounds/freedesktop/stereo/audio-volume-change.oga,73
1767770380,,,/usr/share/sounds/freedesktop/stereo/audio-volume-change.oga,73
1767770991,,,/usr/share/sounds/freedesktop/stereo/message-new-instant.oga,73
1767771397,,,/usr/share/sounds/freedesktop/stereo/message-new-instant.oga,73
1767771943,,,/usr/share/sounds/freedesktop/stereo/message-new-instant.oga,73
1767772186,,,/home/nirantar/Music/Run Down The City - Monica ｜ Dhurandhar ｜ Ranveer, Sara, Shashwat, Reble, Asha Bhosle, R.D. Burman (1) [watch？v=aT4N7jn2Eww-1].m4a,170
1767776371,,,/usr/share/sounds/freedesktop/stereo/message-new-instant.oga,73
1767776708,,,/usr/share/sounds/freedesktop/stereo/message-new-instant.oga,73
1767777143,,,/usr/share/sounds/freedesktop/stereo/audio-volume-change.oga,73
1767777143,,,/usr/share/sounds/freedesktop/stereo/audio-volume-change.oga,73
1767777143,,,/usr/share/sounds/freedesktop/stereo/audio-volume-change.oga,73
1767777145,,,/usr/share/sounds/freedesktop/stereo/audio-volume-change.oga,73
1767777145,,,/usr/share/sounds/freedesktop/stereo/audio-volume-change.oga,73
1767777146,,,/usr/share/sounds/freedesktop/stereo/audio-volume-change.oga,73
1767777146,,,/usr/share/sounds/freedesktop/stereo/audio-volume-change.oga,73
1767777146,,,/usr/share/sounds/freedesktop/stereo/audio-volume-change.oga,73
1767777147,,,/usr/share/sounds/freedesktop/stereo/audio-volume-change.oga,73
1767777147,,,/usr/share/sounds/freedesktop/stereo/audio-volume-change.oga,73
1767777147,,,/usr/share/sounds/freedesktop/stereo/audio-volume-change.oga,73
1767777148,,,/usr/share/sounds/freedesktop/stereo/audio-volume-change.oga,73
1767777148,,,/usr/share/sounds/freedesktop/stereo/audio-volume-change.oga,73
1767777148,,,/usr/share/sounds/freedesktop/stereo/audio-volume-change.oga,73
1767777148,,,/usr/share/sounds/freedesktop/stereo/audio-volume-change.oga,73
1767777149,,,/usr/share/sounds/freedesktop/stereo/audio-volume-change.oga,73
1767777149,,,/usr/share/sounds/freedesktop/stereo/audio-volume-change.oga,73
1767777149,,,/usr/share/sounds/freedesktop/stereo/audio-volume-change.oga,73
1767777150,,,/usr/share/sounds/freedesktop/stereo/audio-volume-change.oga,73
1767777150,,,/usr/share/sounds/freedesktop/stereo/audio-volume-change.oga,73
1767777150,,,/usr/share/sounds/freedesktop/stereo/audio-volume-change.oga,73
1767777150,,,/usr/share/sounds/freedesktop/stereo/audio-volume-change.oga,73
1767777552,,,/usr/share/sounds/freedesktop/stereo/screen-capture.oga,68
1767778043,,,/usr/share/sounds/freedesktop/stereo/message-new-instant.oga,73
1767778395,,,/usr/share/sounds/freedesktop/stereo/message-new-instant.oga,73
1767785370,59,I built a self-balancing robot from scratch (Arduino Based),https://www.youtube.com/watch?v=K1lzzVGCzAQ,117
1767788774,,,/home/nirantar/Music/Run Down The City - Monica ｜ Dhurandhar ｜ Ranveer, Sara, Shashwat, Reble, Asha Bhosle, R.D. Burman (1) [watch？v=aT4N7jn2Eww-1].m4a,170
1767791346,,,/usr/share/sounds/freedesktop/stereo/message-new-instant.oga,73
1767792027,,,/usr/share/sounds/freedesktop/stereo/message-new-instant.oga,73
1767794280,,,/usr/share/sounds/freedesktop/stereo/message-new-instant.oga,73
1767796796,,,/usr/share/sounds/freedesktop/stereo/message-new-instant.oga,73
1767796895,,,/usr/share/sounds/freedesktop/stereo/message-new-instant.oga,73
1767796953,,,/usr/share/sounds/freedesktop/stereo/message-new-instant.oga,73
1767797150,,,/usr/share/sounds/freedesktop/stereo/message-new-instant.oga,73
1767798656,,,/usr/share/sounds/freedesktop/stereo/message-new-instant.oga,73
1767801911,,,/mnt/E/Lectures/Torrent/Eko (2025) 108p WEBRip x265 DD5.1 Hin Multi Aud ESub.mkv,93
1767807399,,,/usr/share/sounds/freedesktop/stereo/audio-volume-change.oga,73
1767807399,,,/usr/share/sounds/freedesktop/stereo/audio-volume-change.oga,73
1767807399,,,/usr/share/sounds/freedesktop/stereo/audio-volume-change.oga,73
1767809043,,,/usr/share/sounds/freedesktop/stereo/message-new-instant.oga,73
